<?xml version="1.0" encoding="UTF-8"?>
<testsuite xmlns:xsi="http://www.w3.org/2001/XMLSchema-instance" xsi:noNamespaceSchemaLocation="https://maven.apache.org/surefire/maven-surefire-plugin/xsd/surefire-test-report.xsd" name="io.qlub.runners.cukesRunner" time="77.012" tests="28" errors="0" skipped="0" failures="6">
  <properties>
[...]
</properties>
  <testcase name="user scans QR code on the table" classname="Verification of display of the menu" time="1.954"/>
  <testcase name="user should be able to choose &quot;View the Menu&quot; option" classname="Verification of display of the menu" time="2.528"/>
  <testcase name="user clicks on the &quot;View the Menu&quot; option" classname="Verification of display of the menu" time="0.233"/>
  <testcase name="user should be displayed &quot;Diner&apos;s QA&quot; menu" classname="Verification of display of the menu" time="1.033"/>
  <testcase name="menu should be displayed as pdf file to the user" classname="Verification of display of the menu" time="1.811"/>
  <testcase name="Verification of display of the menu" classname="Verification of display of the menu" time="3.375"/>
  <testcase name="user scans QR code on the table" classname="Verification of display of bill" time="1.684"/>
  <testcase name="user should be able to see &quot;Pay my Bill&quot; option" classname="Verification of display of bill" time="0.762"/>
  <testcase name="user clicks on the &quot;Pay the Bill&quot; option" classname="Verification of display of bill" time="0.09"/>
  <testcase name="user should be able to see information of his table" classname="Verification of display of bill" time="3.403"/>
  <testcase name="user should be able to see his bill information" classname="Verification of display of bill" time="0.212"/>
  <testcase name="user should be able to see his bill amount" classname="Verification of display of bill" time="0.12">
    <failure message="&#10;The following assertion failed:&#10;1) [Pay my Bill is not verified!] expected:&lt;&quot;Pay [my] Bill&quot;&gt; but was:&lt;&quot;Pay [the] Bill&quot;&gt;&#10;" type="org.assertj.core.api.SoftAssertionError"><![CDATA[org.assertj.core.api.SoftAssertionError: 

The following assertion failed:
1) [Pay my Bill is not verified!] expected:<"Pay [my] Bill"> but was:<"Pay [the] Bill">

]]></failure>
    <system-out><![CDATA[  &amp#27;[32mThen &amp#27;[0m&amp#27;[32muser should be able to see his bill information&amp#27;[0m     &amp#27;[90m# io.qlub.stepDefs.menuStepDefs.userShouldBeAbleToSeeHisBillInformation()&amp#27;[0m
]]></system-out>
  </testcase>
  <testcase name="Verification of display of bill" classname="Verification of display of bill" time="1.532">
    <failure message="&#10;The following assertion failed:&#10;1) [Pay my Bill is not verified!] expected:&lt;&quot;Pay [my] Bill&quot;&gt; but was:&lt;&quot;Pay [the] Bill&quot;&gt;&#10;" type="org.assertj.core.api.SoftAssertionError"><![CDATA[org.assertj.core.api.SoftAssertionError: 

The following assertion failed:
1) [Pay my Bill is not verified!] expected:<"Pay [my] Bill"> but was:<"Pay [the] Bill">

]]></failure>
    <system-out><![CDATA[  &amp#27;[31mAnd &amp#27;[0m&amp#27;[31muser should be able to see his bill amount&amp#27;[0m           &amp#27;[90m# io.qlub.stepDefs.menuStepDefs.userShouldBeAbleToSeeHisHerBillAmount()&amp#27;[0m
      &amp#27;[31morg.assertj.core.api.SoftAssertionError: 
The following assertion failed:
1) [Pay my Bill is not verified!] expected:<"Pay [my] Bill"> but was:<"Pay [the] Bill">

	at org.assertj.core.error.AssertionErrorCreator.multipleSoftAssertionsError(AssertionErrorCreator.java:75)
	at org.assertj.core.api.AbstractSoftAssertions.assertAll(AbstractSoftAssertions.java:38)
	at org.assertj.core.api.AbstractSoftAssertions.assertAll(AbstractSoftAssertions.java:43)
	at io.qlub.stepDefs.menuStepDefs.userShouldBeAbleToSeeHisHerBillAmount(menuStepDefs.java:69)
	at âœ½.user should be able to see his bill amount(file:///C:/Users/ersoyyyyy/IdeaProjects/Qlub_task/src/test/resources/features/payMyBill.feature:12)
&amp#27;[0m

    Embedding screenshot [image/png 22597 bytes]

]]></system-out>
  </testcase>
  <testcase name="user scans QR code on the table" classname="Verification of the card payment" time="1.56"/>
  <testcase name="user should be able to see &quot;Pay the Bill&quot; option" classname="Verification of the card payment" time="0.582"/>
  <testcase name="user clicks on the &quot;Pay the Bill&quot; option" classname="Verification of the card payment" time="0.104"/>
  <testcase name="user should able to see card payment option" classname="Verification of the card payment" time="11.191"/>
  <testcase name="Verification of the card payment" classname="Verification of the card payment" time="12.484"/>
  <testcase name="user scans QR code on the table" classname="Verification of the apple pay" time="1.608"/>
  <testcase name="user should be able to see &quot;Pay the Bill&quot; option" classname="Verification of the apple pay" time="0.649"/>
  <testcase name="user clicks on the &quot;Pay the Bill&quot; option" classname="Verification of the apple pay" time="0.097"/>
  <testcase name="user should able to see apple pay option" classname="Verification of the apple pay" time="10.44">
    <failure message="&#10;The following assertion failed:&#10;1) [# # # # Apple Pay option is not verified!] &#10;Expecting value to be true but was false&#10;at menuStepDefs.userShouldAbleToSeeApplePayOption(menuStepDefs.java:105)&#10;" type="org.assertj.core.api.SoftAssertionError">org.assertj.core.api.SoftAssertionError: 

The following assertion failed:
1) [# # # # Apple Pay option is not verified!] 
Expecting value to be true but was false
at menuStepDefs.userShouldAbleToSeeApplePayOption(menuStepDefs.java:105)

</failure>
    <system-out><![CDATA[  &amp#27;[32mWhen &amp#27;[0m&amp#27;[32muser clicks on the &amp#27;[0m&amp#27;[32m&amp#27;[1m"Pay the Bill"&amp#27;[0m&amp#27;[32m option&amp#27;[0m         &amp#27;[90m# io.qlub.stepDefs.menuStepDefs.user_clicks_on_the_option(java.lang.String)&amp#27;[0m
]]></system-out>
  </testcase>
  <testcase name="Verification of the apple pay" classname="Verification of the apple pay" time="11.546">
    <failure message="&#10;The following assertion failed:&#10;1) [# # # # Apple Pay option is not verified!] &#10;Expecting value to be true but was false&#10;at menuStepDefs.userShouldAbleToSeeApplePayOption(menuStepDefs.java:105)&#10;" type="org.assertj.core.api.SoftAssertionError">org.assertj.core.api.SoftAssertionError: 

The following assertion failed:
1) [# # # # Apple Pay option is not verified!] 
Expecting value to be true but was false
at menuStepDefs.userShouldAbleToSeeApplePayOption(menuStepDefs.java:105)

</failure>
    <system-out><![CDATA[  &amp#27;[31mThen &amp#27;[0m&amp#27;[31muser should able to see apple pay option&amp#27;[0m         &amp#27;[90m# io.qlub.stepDefs.menuStepDefs.userShouldAbleToSeeApplePayOption()&amp#27;[0m
      &amp#27;[31morg.assertj.core.api.SoftAssertionError: 
The following assertion failed:
1) [# # # # Apple Pay option is not verified!] 
Expecting value to be true but was false
at menuStepDefs.userShouldAbleToSeeApplePayOption(menuStepDefs.java:105)

	at org.assertj.core.error.AssertionErrorCreator.multipleSoftAssertionsError(AssertionErrorCreator.java:75)
	at org.assertj.core.api.AbstractSoftAssertions.assertAll(AbstractSoftAssertions.java:38)
	at org.assertj.core.api.AbstractSoftAssertions.assertAll(AbstractSoftAssertions.java:43)
	at io.qlub.stepDefs.menuStepDefs.userShouldAbleToSeeApplePayOption(menuStepDefs.java:106)
	at âœ½.user should able to see apple pay option(file:///C:/Users/ersoyyyyy/IdeaProjects/Qlub_task/src/test/resources/features/paymentOption.feature:18)
&amp#27;[0m

    Embedding screenshot [image/png 24968 bytes]

]]></system-out>
  </testcase>
  <testcase name="user scans QR code on the table" classname="Verification of the google pay" time="1.661"/>
  <testcase name="user should be able to see &quot;Pay the Bill&quot; option" classname="Verification of the google pay" time="0.534"/>
  <testcase name="user clicks on the &quot;Pay the Bill&quot; option" classname="Verification of the google pay" time="0.124"/>
  <testcase name="user should be able to see google pay option" classname="Verification of the google pay" time="10.048">
    <failure message="&#10;The following assertion failed:&#10;1) [# # # # Google Pay is not verified! ] &#10;Expecting value to be true but was false&#10;at menuStepDefs.userShouldBeAbleToSeeGooglePayOption(menuStepDefs.java:113)&#10;" type="org.assertj.core.api.SoftAssertionError">org.assertj.core.api.SoftAssertionError: 

The following assertion failed:
1) [# # # # Google Pay is not verified! ] 
Expecting value to be true but was false
at menuStepDefs.userShouldBeAbleToSeeGooglePayOption(menuStepDefs.java:113)

</failure>
    <system-out><![CDATA[  &amp#27;[32mWhen &amp#27;[0m&amp#27;[32muser clicks on the &amp#27;[0m&amp#27;[32m&amp#27;[1m"Pay the Bill"&amp#27;[0m&amp#27;[32m option&amp#27;[0m         &amp#27;[90m# io.qlub.stepDefs.menuStepDefs.user_clicks_on_the_option(java.lang.String)&amp#27;[0m
]]></system-out>
  </testcase>
  <testcase name="Verification of the google pay" classname="Verification of the google pay" time="11.252">
    <failure message="&#10;The following assertion failed:&#10;1) [# # # # Google Pay is not verified! ] &#10;Expecting value to be true but was false&#10;at menuStepDefs.userShouldBeAbleToSeeGooglePayOption(menuStepDefs.java:113)&#10;" type="org.assertj.core.api.SoftAssertionError">org.assertj.core.api.SoftAssertionError: 

The following assertion failed:
1) [# # # # Google Pay is not verified! ] 
Expecting value to be true but was false
at menuStepDefs.userShouldBeAbleToSeeGooglePayOption(menuStepDefs.java:113)

</failure>
    <system-out><![CDATA[  &amp#27;[31mThen &amp#27;[0m&amp#27;[31muser should be able to see google pay option&amp#27;[0m     &amp#27;[90m# io.qlub.stepDefs.menuStepDefs.userShouldBeAbleToSeeGooglePayOption()&amp#27;[0m
      &amp#27;[31morg.assertj.core.api.SoftAssertionError: 
The following assertion failed:
1) [# # # # Google Pay is not verified! ] 
Expecting value to be true but was false
at menuStepDefs.userShouldBeAbleToSeeGooglePayOption(menuStepDefs.java:113)

	at org.assertj.core.error.AssertionErrorCreator.multipleSoftAssertionsError(AssertionErrorCreator.java:75)
	at org.assertj.core.api.AbstractSoftAssertions.assertAll(AbstractSoftAssertions.java:38)
	at org.assertj.core.api.AbstractSoftAssertions.assertAll(AbstractSoftAssertions.java:43)
	at io.qlub.stepDefs.menuStepDefs.userShouldBeAbleToSeeGooglePayOption(menuStepDefs.java:114)
	at âœ½.user should be able to see google pay option(file:///C:/Users/ersoyyyyy/IdeaProjects/Qlub_task/src/test/resources/features/paymentOption.feature:25)
&amp#27;[0m

    Embedding screenshot [image/png 26316 bytes]

]]></system-out>
  </testcase>
</testsuite>